abm/abm
adams/wood
ADAMS/WOOD
adldemo/adldemo
administrator/admin
administrator/administrator
admin/jetspeed
admin/welcome
ahl/ahl
ahm/ahm
ak/ak
alhro/xxx
alhrw/xxx
alr/alr
ams/ams
amv/amv
andy/swordfish
anonymous/anonymous
ANONYMOUS/ANONYMOUS
ap/ap
applmgr/applmgr
applsys/applsys
applsys/apps
applsys/fnd
applsyspub/applsyspub
applsyspub/fndpub
applsyspub/pub
applysyspub/fndpub
applysyspub/pub
apps/apps
apps_mrc/apps
appuser/apppassword
aq/aq
aqdemo/aqdemo
aqjava/aqjava
aquser/aquser
ar/ar
asf/asf
asg/asg
asl/asl
aso/aso
asp/asp
ast/ast
atm/sampleatm
audiouser/audiouser
aurora$jis$utility$/invalid
aurora$orb$unauthenticated/invalid
ax/ax
az/az
bc4j/bc4j
ben/ben
bic/bic
bil/bil
bim/bim
bis/bis
biv/biv
bix/bix
blake/paper
BLAKE/PAPER
blewis/blewis
bom/bom
brio_admin/brio_admin
brugernavn/adgangskode
brukernavn/password
bsc/bsc
bug_reports/bug_reports
calvin/hobbes
catalog/catalog
cct/cct
CCT/CCT
cdemo82/cdemo82
cdemo82/cdemo83
cdemo82/unknown
cdemocor/cdemocor
cdemorid/cdemorid
cdemoucb/cdemoucb
cdouglas/cdouglas
ce/ce
centra/centra
central/central
cids/cids
cis/cis
cisinfo/cisinfo
cisinfo/zwerg
cis/zwerg
clark/cloth
CLARK/CLOTH
cn/cn
company/company
compiere/compiere
cqschemauser/password
cquserdbuser/password
crp/crp
csc/csc
cs/cs
csd/csd
cse/cse
csf/csf
csi/csi
csl/csl
csmig/csmig
csp/csp
csr/csr
css/css
ctxdemo/ctxdemo
ctxsys/change_on_install
CTXSYS/CHANGE_ON_INSTALL
ctxsys/ctxsys
CTXSYS/CTXSYS
ctxsys/unknown
cua/cua
cue/cue
cuf/cuf
cug/cug
cui/cui
cun/cun
cup/cup
cus/cus
cz/cz
data_schema/laskjdf098ksdaf09
dbi/mumblefratz
dbsnmp/dbsnmp
DBSNMP/DBSNMP
dbvision/dbvision
ddic/199220706
demo8/demo8
demo9/demo9
demo/demo
DEMO/DEMO
des2k/des2k
des/des
dev2000_demos/dev2000_demos
diane/passwo1
dip/dip
DIP/DIP
discoverer_admin/discoverer_admin
dmsys/dmsys
DMSYS/DMSYS
dpf/dpfpass
dsgateway/dsgateway
dssys/dssys
dtsp/dtsp
eaa/eaa
eam/eam
earlywatch/support
east/east
ec/ec
ecx/ecx
ejb/ejb
ejsadmin/ejsadmin
ejsadmin/ejsadmin_password
emp/emp
eng/eng
eni/eni
estoreuser/estore
event/event
evm/evm
example/example
exfsys/exfsys
EXFSYS/EXFSYS
extdemo2/extdemo2
extdemo/extdemo
fa/fa
fem/fem
fii/fii
finance/finance
finprod/finprod
flm/flm
fnd/fnd
foo/bar
fpt/fpt
frm/frm
frosty/snowman
fte/fte
fv/fv
gl/gl
gma/gma
gmd/gmd
gme/gme
gmf/gmf
gmi/gmi
gml/gml
gmp/gmp
gms/gms
gpfd/gpfd
gpld/gpld
gr/gr
hades/hades
hcpark/hcpark
hlw/hlw
hr/change_on_install
hr/hr
HR/HR
hri/hri
hr/unknown
hvst/hvst
hxc/hxc
hxt/hxt
iba/iba
ibe/ibe
ibp/ibp
ibu/ibu
iby/iby
icdbown/icdbown
icx/icx
idemo_user/idemo_user
ieb/ieb
iec/iec
iem/iem
ieo/ieo
ies/ies
ieu/ieu
iex/iex
ifssys/ifssys
igc/igc
igf/igf
igi/igi
igs/igs
igw/igw
imageuser/imageuser
imc/imc
imedia/imedia
imt/imt
#internal/oracle
internal/oracle
#internal/sys_stnt
internal/sys_stnt
inv/inv
ipa/ipa
ipd/ipd
iplanet/iplanet
isc/isc
itg/itg
ja/ja
jake/passwo4
je/je
jg/jg
jill/passwo2
jl/jl/
jmuser/jmuser
john/john
jones/steel
JONES/STEEL
jtf/jtf
jtm/jtm
jts/jts
jward/airoplane
kwalker/kwalker
l2ldemo/l2ldemo
lbacsys/lbacsys
LBACSYS/LBACSYS
librarian/shelves
manprod/manprod
mark/passwo3
mascarm/manager
master/password
mddata/mddata
MDDATA/MDDATA
mddemo_clerk/clerk
mddemo_clerk/mgr
mddemo/mddemo
mddemo_mgr/mddemo_mgr
mddemo_mgr/mgr
mdsys/mdsys
MDSYS/MDSYS
me/me
mfg/mfg
mgr/mgr
mgwuser/mgwuser
migrate/migrate
miller/miller
mmo2/mmo2
mmo2/mmo3
mmo2/unknown
modtest/yes
moreau/moreau
mrp/mrp
msc/msc
msd/msd
mso/mso
msr/msr
mtssys/mtssys
mts_user/mts_password
mwa/mwa
mxagent/mxagent
names/names
neotix_sys/neotix_sys
nneul/nneulpass
nomeutente/password
nome_utilizador/senha
nom_utilisateur/mot_de_passe
nume_utilizator/parol
oas_public/oas_public
ocitest/ocitest
ocm_db_admin/ocm_db_admin
odm_mtr/mtrpw
ODM_MTR/MTRPW
odm/odm
ODM/ODM
odscommon/odscommon
ods/ods
ods_server/ods_server
oe/change_on_install
oemadm/oemadm
oemrep/oemrep
oe/oe
OE/OE
oe/unknown
okb/okb
okc/okc
oke/oke
oki/oki
oko/oko
okr/okr
oks/oks
okx/okx
olapdba/olapdba
OLAPDBA/OLAPDBA
olapsvr/instance
OLAPSVR/INSTANCE
olapsvr/olapsvr
OLAPSVR/OLAPSVR
olapsys/manager
OLAPSYS/MANAGER
olapsys/olapsys
OLAPSYS/OLAPSYS
omwb_emulation/oracle
ont/ont
oo/oo
openspirit/openspirit
opi/opi
oracache/oracache
oracle/oracle
oradba/oradbapass
oraprobe/oraprobe
oraregsys/oraregsys
orasso_ds/orasso_ds
orasso/orasso
orasso_pa/orasso_pa
orasso_ps/orasso_ps
orasso_public/orasso_public
orastat/orastat
orcladmin/welcome
ordcommon/ordcommon
ordplugins/ordplugins
ORDPLUGINS/ORDPLUGINS
ORDSERVER/ODS
ordsys/ordsys
ORDSYS/ORDSYS
ose$http$admin/invalid
ose$http$admin/invalid/password
osm/osm
osp22/osp22
ota/ota
outln/outln
OUTLN/OUTLN
owa/owa
owa_public/owa_public
owf_mgr/owf_mgr
owner/owner
ozf/ozf
ozp/ozp
ozs/ozs
panama/panama
pa/pa
patrol/patrol
paul/paul
perfstat/perfstat
perstat/perstat
pjm/pjm
planning/planning
plex/plex
plsql/supersecret
pm/change_on_install
pmi/pmi
pm/pm
PM/PM
pm/unknown
pn/pn
po7/po7
po8/po8
poa/poa
pom/pom
po/po
portal30_admin/portal30_admin
portal30_demo/portal30_demo
portal30/portal30
portal30/portal31
portal30_ps/portal30_ps
portal30_public/portal30_public
portal30_sso_admin/portal30_sso_admin
portal30_sso/portal30_sso
portal30_sso_ps/portal30_sso_ps
portal30_sso_public/portal30_sso_public
portal_demo/portal_demo
portal_sso_ps/portal_sso_ps
pos/pos
powercartuser/powercartuser
primary/primary
psa/psa
psb/psb
psp/psp
pubsub1/pubsub1
pubsub/pubsub
pv/pv
qa/qa
qdba/qdba
qp/qp
qs_adm/change_on_install
qs_adm/qs_adm
qs_adm/unknown
qs_cbadm/change_on_install
qs_cbadm/qs_cbadm
qs_cbadm/unknown
qs_cb/change_on_install
qs_cb/qs_cb
qs_cb/unknown
qs/change_on_install
qs_cs/change_on_install
qs_cs/qs_cs
qs_cs/unknown
qs_es/change_on_install
qs_es/qs_es
qs_es/unknown
qs_os/change_on_install
qs_os/qs_os
qs_os/unknown
qs/qs
QS/QS
qs/unknown
qs_ws/change_on_install
qs_ws/qs_ws
qs_ws/unknown
repadmin/repadmin
rep_manager/demo
reports/reports
reports_user/oem_temp
rep_owner/demo
rep_owner/rep_owner
rep_user/demo
re/re
rg/rg
rhx/rhx
rla/rla
rlm/rlm
rmail/rmail
rman/rman
RMAN/RMAN
rrs/rrs
sample/sample
sap/06071992
sapr3/sap
sap/sapr3
scott/tiger
SCOTT/TIGER
scott/tigger
SCOTT/TIGGER
sdos_icsap/sdos_icsap
secdemo/secdemo
serviceconsumer1/serviceconsumer1
sh/change_on_install
sh/sh
SH/SH
sh/unknown
si_informtn_schema/si_informtn_schema
siteminder/siteminder
slide/slidepw
spierson/spierson
ssp/ssp
starter/starter
strat_user/strat_passwd
swpro/swpro
swuser/swuser
sympa/sympa
sys/0racl3
sys/0racl38
sys/0racl38i
sys/0racl39
sys/0racl39i
sys/0racle
sys/0racle8
sys/0racle8i
sys/0racle9
sys/0racle9i
sysadmin/sysadmin
sysadm/sysadm
sys/change_on_install
SYS/CHANGE_ON_INSTALL
sys/d_syspw
SYS/INTERNAL
sys/manag3r
SYS/manag3r
sys/manager
SYS/MANAGER
sysman/oem_temp
SYSMAN/OEM_TEMP
sysman/sysman
sys/oracl3
sys/oracle
SYS/ORACLE
sys/oracle8
SYS/oracle8
sys/oracle8i
SYS/oracle8i
sys/oracle9
SYS/oracle9
sys/oracle9i
SYS/oracle9i
sys/sys
SYS/SYS
sys/syspass
SYS/SYSPASS
system/0racl3
system/0racl38
system/0racl38i
system/0racl39
system/0racl39i
system/0racle
system/0racle8
system/0racle8i
system/0racle9
system/0racle9i
system/change_on_install
SYSTEM//CHANGE_ON_INSTALL
system/d_syspw
system/d_systpw
system/manag3r
system/manager
SYSTEM/MANAGER
system/oracl3
system/oracle
system/oracle8
system/oracle8i
system/oracle9
system/oracle9i
system/system
SYSTEM/SYSTEM
system/systempass
tahiti/tahiti
talbot/mt6ch5
tdos_icsap/tdos_icsap
tec/tectec
test/passwd
testpilot/testpilot
test/test
test_user/test_user
thinsample/thinsamplepw
tibco/tibco
tip37/tip37
tracesvr/trace
travel/travel
tsdev/tsdev
TSMSYS/TSMSYS
tsuser/tsuser
turbine/turbine
ultimate/ultimate
um_admin/um_admin
um_client/um_client
user0/user0
user1/user1
user2/user2
user3/user3
user4/user4
user5/user5
user6/user6
user7/user7
user8/user8
user9/user9
user_name/password
user/user
usuario/clave
utility/utility
utlbstatu/utlestat
vea/vea
veh/veh
vertex_login/vertex_login
videouser/videouser
vif_developer/vif_dev_pwd
viruser/viruser
vpd_admin/akf7d98s2
vrr1/unknown
vrr1/vrr1
vrr1/vrr2
webcal01/webcal01
webdb/webdb
webread/webread
websys/manager
webuser/your_pass
west/west
wfadmin/wfadmin
wh/wh
wip/wip
wkadmin/wkadmin
WKADMIN/WKADMIN
wkproxy/change_on_install
wkproxy/unknown
wkproxy/wkproxy
WKPROXY/WKPROXY
wksys/change_on_install
wksys/wksys
WKSYS/WKSYS
wk_test/wk_test
WK_TEST/WK_TEST
wkuser/wkuser
WKUSER/WKUSER
wms/wms
wmsys/wmsys
WMSYS/WMSYS
wob/wob
wps/wps
wsh/wsh
wsm/wsm
wwwuser/wwwuser
www/www
xademo/xademo
xdb/change_on_install
XDB/CHANGE_ON_INSTALL
xdp/xdp
xla/xla
xnc/xnc
xni/xni
xnm/xnm
xnp/xnp
xns/xns
xprt/xprt
xtr/xtr